# JRE version: Java(TM) SE Runtime Environment (17.0.8+9) (build 17.0.8+9-LTS-211)
# Java VM: Java HotSpot(TM) 64-Bit Server VM (17.0.8+9-LTS-211, mixed mode, sharing, tiered, compressed oops, compressed class ptrs, g1 gc, windows-amd64)
GC Precious Log:
 CPUs: 16 total, 16 available
 Memory: 15763M
 Large Page Support: Disabled
 NUMA Support: Disabled
 Compressed Oops: Enabled (32-bit)
 Heap Region Size: 1M
 Heap Min Capacity: 8M
 Heap Initial Capacity: 248M
 Heap Max Capacity: 2G
 Pre-touch: Disabled
 Parallel Workers: 13
 Concurrent Workers: 3
 Concurrent Refinement Workers: 13
 Periodic GC: Disabled
Heap:
 garbage-first heap   total 279552K, used 217900K [0x0000000080000000, 0x0000000100000000)
  region size 1024K, 27 young (27648K), 2 survivors (2048K)
 Metaspace       used 99049K, committed 100224K, reserved 557056K
  class space    used 13671K, committed 14272K, reserved 425984K
GC Heap History (20 events):
Event: 21.665 GC heap before
{Heap before GC invocations=48 (full 0):
 garbage-first heap   total 193536K, used 166031K [0x0000000080000000, 0x0000000100000000)
  region size 1024K, 19 young (19456K), 3 survivors (3072K)
 Metaspace       used 90656K, committed 91712K, reserved 557056K
  class space    used 12557K, committed 13056K, reserved 425984K
}
Event: 21.667 GC heap after
{Heap after GC invocations=49 (full 0):
 garbage-first heap   total 232448K, used 150461K [0x0000000080000000, 0x0000000100000000)
  region size 1024K, 2 young (2048K), 2 survivors (2048K)
 Metaspace       used 90656K, committed 91712K, reserved 557056K
  class space    used 12557K, committed 13056K, reserved 425984K
}
Event: 21.995 GC heap before
{Heap before GC invocations=49 (full 0):
 garbage-first heap   total 232448K, used 195517K [0x0000000080000000, 0x0000000100000000)
  region size 1024K, 46 young (47104K), 2 survivors (2048K)
 Metaspace       used 92638K, committed 93760K, reserved 557056K
  class space    used 12818K, committed 13376K, reserved 425984K
}
Event: 21.998 GC heap after
{Heap after GC invocations=50 (full 0):
 garbage-first heap   total 232448K, used 154964K [0x0000000080000000, 0x0000000100000000)
  region size 1024K, 6 young (6144K), 6 survivors (6144K)
 Metaspace       used 92638K, committed 93760K, reserved 557056K
  class space    used 12818K, committed 13376K, reserved 425984K
}
Event: 22.166 GC heap before
{Heap before GC invocations=50 (full 0):
 garbage-first heap   total 232448K, used 196948K [0x0000000080000000, 0x0000000100000000)
  region size 1024K, 47 young (48128K), 6 survivors (6144K)
 Metaspace       used 92830K, committed 93952K, reserved 557056K
  class space    used 12834K, committed 13376K, reserved 425984K
}
Event: 22.171 GC heap after
{Heap after GC invocations=51 (full 0):
 garbage-first heap   total 232448K, used 162224K [0x0000000080000000, 0x0000000100000000)
  region size 1024K, 6 young (6144K), 6 survivors (6144K)
 Metaspace       used 92830K, committed 93952K, reserved 557056K
  class space    used 12834K, committed 13376K, reserved 425984K
}
Event: 22.308 GC heap before
{Heap before GC invocations=51 (full 0):
 garbage-first heap   total 232448K, used 196016K [0x0000000080000000, 0x0000000100000000)
  region size 1024K, 39 young (39936K), 6 survivors (6144K)
 Metaspace       used 92911K, committed 94016K, reserved 557056K
  class space    used 12845K, committed 13376K, reserved 425984K
}
Event: 22.312 GC heap after
{Heap after GC invocations=52 (full 0):
 garbage-first heap   total 232448K, used 169126K [0x0000000080000000, 0x0000000100000000)
  region size 1024K, 5 young (5120K), 5 survivors (5120K)
 Metaspace       used 92911K, committed 94016K, reserved 557056K
  class space    used 12845K, committed 13376K, reserved 425984K
}
Event: 22.554 GC heap before
{Heap before GC invocations=52 (full 0):
 garbage-first heap   total 232448K, used 201894K [0x0000000080000000, 0x0000000100000000)
  region size 1024K, 32 young (32768K), 5 survivors (5120K)
 Metaspace       used 94357K, committed 95488K, reserved 557056K
  class space    used 13033K, committed 13568K, reserved 425984K
}
Event: 22.558 GC heap after
{Heap after GC invocations=53 (full 0):
 garbage-first heap   total 232448K, used 177328K [0x0000000080000000, 0x0000000100000000)
  region size 1024K, 4 young (4096K), 4 survivors (4096K)
 Metaspace       used 94357K, committed 95488K, reserved 557056K
  class space    used 13033K, committed 13568K, reserved 425984K
}
Event: 22.886 GC heap before
{Heap before GC invocations=53 (full 0):
 garbage-first heap   total 232448K, used 197808K [0x0000000080000000, 0x0000000100000000)
  region size 1024K, 25 young (25600K), 4 survivors (4096K)
 Metaspace       used 94978K, committed 96064K, reserved 557056K
  class space    used 13114K, committed 13632K, reserved 425984K
}
Event: 22.888 GC heap after
{Heap after GC invocations=54 (full 0):
 garbage-first heap   total 232448K, used 179672K [0x0000000080000000, 0x0000000100000000)
  region size 1024K, 3 young (3072K), 3 survivors (3072K)
 Metaspace       used 94978K, committed 96064K, reserved 557056K
  class space    used 13114K, committed 13632K, reserved 425984K
}
Event: 23.111 GC heap before
{Heap before GC invocations=54 (full 0):
 garbage-first heap   total 232448K, used 198104K [0x0000000080000000, 0x0000000100000000)
  region size 1024K, 22 young (22528K), 3 survivors (3072K)
 Metaspace       used 96311K, committed 97408K, reserved 557056K
  class space    used 13284K, committed 13824K, reserved 425984K
}
Event: 23.114 GC heap after
{Heap after GC invocations=55 (full 0):
 garbage-first heap   total 232448K, used 184892K [0x0000000080000000, 0x0000000100000000)
  region size 1024K, 3 young (3072K), 3 survivors (3072K)
 Metaspace       used 96311K, committed 97408K, reserved 557056K
  class space    used 13284K, committed 13824K, reserved 425984K
}
Event: 23.365 GC heap before
{Heap before GC invocations=55 (full 0):
 garbage-first heap   total 232448K, used 200252K [0x0000000080000000, 0x0000000100000000)
  region size 1024K, 18 young (18432K), 3 survivors (3072K)
 Metaspace       used 97069K, committed 98240K, reserved 557056K
  class space    used 13385K, committed 13952K, reserved 425984K
}
Event: 23.368 GC heap after
{Heap after GC invocations=56 (full 0):
 garbage-first heap   total 232448K, used 188348K [0x0000000080000000, 0x0000000100000000)
  region size 1024K, 3 young (3072K), 3 survivors (3072K)
 Metaspace       used 97069K, committed 98240K, reserved 557056K
  class space    used 13385K, committed 13952K, reserved 425984K
}
Event: 23.497 GC heap before
{Heap before GC invocations=56 (full 0):
 garbage-first heap   total 232448K, used 201660K [0x0000000080000000, 0x0000000100000000)
  region size 1024K, 16 young (16384K), 3 survivors (3072K)
 Metaspace       used 97106K, committed 98240K, reserved 557056K
  class space    used 13385K, committed 13952K, reserved 425984K
}
Event: 23.500 GC heap after
{Heap after GC invocations=57 (full 0):
 garbage-first heap   total 232448K, used 191483K [0x0000000080000000, 0x0000000100000000)
  region size 1024K, 2 young (2048K), 2 survivors (2048K)
 Metaspace       used 97106K, committed 98240K, reserved 557056K
  class space    used 13385K, committed 13952K, reserved 425984K
}
Event: 23.617 GC heap before
{Heap before GC invocations=57 (full 0):
 garbage-first heap   total 232448K, used 201723K [0x0000000080000000, 0x0000000100000000)
  region size 1024K, 13 young (13312K), 2 survivors (2048K)
 Metaspace       used 97756K, committed 98944K, reserved 557056K
  class space    used 13488K, committed 14080K, reserved 425984K
}
Event: 23.619 GC heap after
{Heap after GC invocations=58 (full 0):
 garbage-first heap   total 279552K, used 193324K [0x0000000080000000, 0x0000000100000000)
  region size 1024K, 2 young (2048K), 2 survivors (2048K)
 Metaspace       used 97756K, committed 98944K, reserved 557056K
  class space    used 13488K, committed 14080K, reserved 425984K
}

