# JRE version: Java(TM) SE Runtime Environment (17.0.8+9) (build 17.0.8+9-LTS-211)
# Java VM: Java HotSpot(TM) 64-Bit Server VM (17.0.8+9-LTS-211, mixed mode, sharing, tiered, compressed oops, compressed class ptrs, g1 gc, windows-amd64)
GC Precious Log:
 CPUs: 16 total, 16 available
 Memory: 15763M
 Large Page Support: Disabled
 NUMA Support: Disabled
 Compressed Oops: Enabled (32-bit)
 Heap Region Size: 1M
 Heap Min Capacity: 8M
 Heap Initial Capacity: 248M
 Heap Max Capacity: 2G
 Pre-touch: Disabled
 Parallel Workers: 13
 Concurrent Workers: 3
 Concurrent Refinement Workers: 13
 Periodic GC: Disabled
Heap:
 garbage-first heap   total 351232K, used 164567K [0x0000000080000000, 0x0000000100000000)
  region size 1024K, 30 young (30720K), 6 survivors (6144K)
 Metaspace       used 86992K, committed 87936K, reserved 557056K
  class space    used 12059K, committed 12480K, reserved 425984K
GC Heap History (20 events):
Event: 24.780 GC heap before
{Heap before GC invocations=35 (full 0):
 garbage-first heap   total 172032K, used 129425K [0x0000000080000000, 0x0000000100000000)
  region size 1024K, 56 young (57344K), 1 survivors (1024K)
 Metaspace       used 73745K, committed 74496K, reserved 491520K
  class space    used 10034K, committed 10368K, reserved 425984K
}
Event: 24.785 GC heap after
{Heap after GC invocations=36 (full 0):
 garbage-first heap   total 172032K, used 76571K [0x0000000080000000, 0x0000000100000000)
  region size 1024K, 4 young (4096K), 4 survivors (4096K)
 Metaspace       used 73745K, committed 74496K, reserved 491520K
  class space    used 10034K, committed 10368K, reserved 425984K
}
Event: 29.541 GC heap before
{Heap before GC invocations=36 (full 0):
 garbage-first heap   total 172032K, used 132891K [0x0000000080000000, 0x0000000100000000)
  region size 1024K, 59 young (60416K), 4 survivors (4096K)
 Metaspace       used 78130K, committed 78848K, reserved 557056K
  class space    used 10800K, committed 11136K, reserved 425984K
}
Event: 29.545 GC heap after
{Heap after GC invocations=37 (full 0):
 garbage-first heap   total 172032K, used 80977K [0x0000000080000000, 0x0000000100000000)
  region size 1024K, 8 young (8192K), 8 survivors (8192K)
 Metaspace       used 78130K, committed 78848K, reserved 557056K
  class space    used 10800K, committed 11136K, reserved 425984K
}
Event: 32.105 GC heap before
{Heap before GC invocations=37 (full 0):
 garbage-first heap   total 172032K, used 137297K [0x0000000080000000, 0x0000000100000000)
  region size 1024K, 61 young (62464K), 8 survivors (8192K)
 Metaspace       used 80667K, committed 81472K, reserved 557056K
  class space    used 11156K, committed 11520K, reserved 425984K
}
Event: 32.109 GC heap after
{Heap after GC invocations=38 (full 0):
 garbage-first heap   total 172032K, used 92699K [0x0000000080000000, 0x0000000100000000)
  region size 1024K, 8 young (8192K), 8 survivors (8192K)
 Metaspace       used 80667K, committed 81472K, reserved 557056K
  class space    used 11156K, committed 11520K, reserved 425984K
}
Event: 34.609 GC heap before
{Heap before GC invocations=38 (full 0):
 garbage-first heap   total 172032K, used 117275K [0x0000000080000000, 0x0000000100000000)
  region size 1024K, 33 young (33792K), 8 survivors (8192K)
 Metaspace       used 81691K, committed 82496K, reserved 557056K
  class space    used 11330K, committed 11712K, reserved 425984K
}
Event: 34.614 GC heap after
{Heap after GC invocations=39 (full 0):
 garbage-first heap   total 172032K, used 96225K [0x0000000080000000, 0x0000000100000000)
  region size 1024K, 4 young (4096K), 4 survivors (4096K)
 Metaspace       used 81691K, committed 82496K, reserved 557056K
  class space    used 11330K, committed 11712K, reserved 425984K
}
Event: 38.084 GC heap before
{Heap before GC invocations=40 (full 0):
 garbage-first heap   total 179200K, used 140257K [0x0000000080000000, 0x0000000100000000)
  region size 1024K, 42 young (43008K), 4 survivors (4096K)
 Metaspace       used 82253K, committed 83072K, reserved 557056K
  class space    used 11399K, committed 11776K, reserved 425984K
}
Event: 38.088 GC heap after
{Heap after GC invocations=41 (full 0):
 garbage-first heap   total 179200K, used 111256K [0x0000000080000000, 0x0000000100000000)
  region size 1024K, 6 young (6144K), 6 survivors (6144K)
 Metaspace       used 82253K, committed 83072K, reserved 557056K
  class space    used 11399K, committed 11776K, reserved 425984K
}
Event: 38.102 GC heap before
{Heap before GC invocations=41 (full 0):
 garbage-first heap   total 179200K, used 113304K [0x0000000080000000, 0x0000000100000000)
  region size 1024K, 8 young (8192K), 6 survivors (6144K)
 Metaspace       used 82270K, committed 83072K, reserved 557056K
  class space    used 11399K, committed 11776K, reserved 425984K
}
Event: 38.105 GC heap after
{Heap after GC invocations=42 (full 0):
 garbage-first heap   total 179200K, used 112292K [0x0000000080000000, 0x0000000100000000)
  region size 1024K, 1 young (1024K), 1 survivors (1024K)
 Metaspace       used 82270K, committed 83072K, reserved 557056K
  class space    used 11399K, committed 11776K, reserved 425984K
}
Event: 39.349 GC heap before
{Heap before GC invocations=42 (full 0):
 garbage-first heap   total 179200K, used 149156K [0x0000000080000000, 0x0000000100000000)
  region size 1024K, 32 young (32768K), 1 survivors (1024K)
 Metaspace       used 82473K, committed 83264K, reserved 557056K
  class space    used 11416K, committed 11776K, reserved 425984K
}
Event: 39.352 GC heap after
{Heap after GC invocations=43 (full 0):
 garbage-first heap   total 179200K, used 126747K [0x0000000080000000, 0x0000000100000000)
  region size 1024K, 4 young (4096K), 4 survivors (4096K)
 Metaspace       used 82473K, committed 83264K, reserved 557056K
  class space    used 11416K, committed 11776K, reserved 425984K
}
Event: 39.611 GC heap before
{Heap before GC invocations=44 (full 0):
 garbage-first heap   total 219136K, used 145179K [0x0000000080000000, 0x0000000100000000)
  region size 1024K, 23 young (23552K), 4 survivors (4096K)
 Metaspace       used 84283K, committed 85184K, reserved 557056K
  class space    used 11675K, committed 12096K, reserved 425984K
}
Event: 39.615 GC heap after
{Heap after GC invocations=45 (full 0):
 garbage-first heap   total 219136K, used 128720K [0x0000000080000000, 0x0000000100000000)
  region size 1024K, 2 young (2048K), 2 survivors (2048K)
 Metaspace       used 84283K, committed 85184K, reserved 557056K
  class space    used 11675K, committed 12096K, reserved 425984K
}
Event: 39.728 GC heap before
{Heap before GC invocations=45 (full 0):
 garbage-first heap   total 219136K, used 136912K [0x0000000080000000, 0x0000000100000000)
  region size 1024K, 10 young (10240K), 2 survivors (2048K)
 Metaspace       used 84671K, committed 85568K, reserved 557056K
  class space    used 11725K, committed 12096K, reserved 425984K
}
Event: 39.731 GC heap after
{Heap after GC invocations=46 (full 0):
 garbage-first heap   total 219136K, used 129492K [0x0000000080000000, 0x0000000100000000)
  region size 1024K, 2 young (2048K), 2 survivors (2048K)
 Metaspace       used 84671K, committed 85568K, reserved 557056K
  class space    used 11725K, committed 12096K, reserved 425984K
}
Event: 40.296 GC heap before
{Heap before GC invocations=46 (full 0):
 garbage-first heap   total 219136K, used 175572K [0x0000000080000000, 0x0000000100000000)
  region size 1024K, 44 young (45056K), 2 survivors (2048K)
 Metaspace       used 85632K, committed 86592K, reserved 557056K
  class space    used 11887K, committed 12352K, reserved 425984K
}
Event: 40.303 GC heap after
{Heap after GC invocations=47 (full 0):
 garbage-first heap   total 351232K, used 141015K [0x0000000080000000, 0x0000000100000000)
  region size 1024K, 6 young (6144K), 6 survivors (6144K)
 Metaspace       used 85632K, committed 86592K, reserved 557056K
  class space    used 11887K, committed 12352K, reserved 425984K
}

