# JRE version: OpenJDK Runtime Environment (17.0.6) (build 17.0.6+0-b2043.56-10027231)
# Java VM: OpenJDK 64-Bit Server VM (17.0.6+0-b2043.56-10027231, mixed mode, tiered, compressed oops, compressed class ptrs, g1 gc, windows-amd64)
GC Precious Log:
 CPUs: 16 total, 16 available
 Memory: 15763M
 Large Page Support: Disabled
 NUMA Support: Disabled
 Compressed Oops: Enabled (32-bit)
 Heap Region Size: 1M
 Heap Min Capacity: 8M
 Heap Initial Capacity: 248M
 Heap Max Capacity: 2G
 Pre-touch: Disabled
 Parallel Workers: 13
 Concurrent Workers: 3
 Concurrent Refinement Workers: 13
 Periodic GC: Disabled
Heap:
 garbage-first heap   total 282624K, used 218979K [0x0000000080000000, 0x0000000100000000)
  region size 1024K, 10 young (10240K), 5 survivors (5120K)
 Metaspace       used 122167K, committed 123328K, reserved 528384K
  class space    used 16679K, committed 17216K, reserved 421888K
GC Heap History (20 events):
Event: 15.446 GC heap after
{Heap after GC invocations=45 (full 0):
 garbage-first heap   total 235520K, used 137382K [0x0000000080000000, 0x0000000100000000)
  region size 1024K, 2 young (2048K), 2 survivors (2048K)
 Metaspace       used 98136K, committed 99008K, reserved 512000K
  class space    used 13484K, committed 13888K, reserved 421888K
}
Event: 15.552 GC heap before
{Heap before GC invocations=45 (full 0):
 garbage-first heap   total 235520K, used 146598K [0x0000000080000000, 0x0000000100000000)
  region size 1024K, 11 young (11264K), 2 survivors (2048K)
 Metaspace       used 98556K, committed 99392K, reserved 512000K
  class space    used 13554K, committed 13952K, reserved 421888K
}
Event: 15.556 GC heap after
{Heap after GC invocations=46 (full 0):
 garbage-first heap   total 282624K, used 137867K [0x0000000080000000, 0x0000000100000000)
  region size 1024K, 2 young (2048K), 2 survivors (2048K)
 Metaspace       used 98556K, committed 99392K, reserved 512000K
  class space    used 13554K, committed 13952K, reserved 421888K
}
Event: 16.278 GC heap before
{Heap before GC invocations=46 (full 0):
 garbage-first heap   total 282624K, used 217739K [0x0000000080000000, 0x0000000100000000)
  region size 1024K, 78 young (79872K), 2 survivors (2048K)
 Metaspace       used 102482K, committed 103488K, reserved 512000K
  class space    used 14089K, committed 14528K, reserved 421888K
}
Event: 16.283 GC heap after
{Heap after GC invocations=47 (full 0):
 garbage-first heap   total 282624K, used 148994K [0x0000000080000000, 0x0000000100000000)
  region size 1024K, 10 young (10240K), 10 survivors (10240K)
 Metaspace       used 102482K, committed 103488K, reserved 512000K
  class space    used 14089K, committed 14528K, reserved 421888K
}
Event: 16.768 GC heap before
{Heap before GC invocations=47 (full 0):
 garbage-first heap   total 282624K, used 221698K [0x0000000080000000, 0x0000000100000000)
  region size 1024K, 81 young (82944K), 10 survivors (10240K)
 Metaspace       used 106310K, committed 107328K, reserved 520192K
  class space    used 14629K, committed 15104K, reserved 421888K
}
Event: 16.773 GC heap after
{Heap after GC invocations=48 (full 0):
 garbage-first heap   total 282624K, used 155690K [0x0000000080000000, 0x0000000100000000)
  region size 1024K, 7 young (7168K), 7 survivors (7168K)
 Metaspace       used 106310K, committed 107328K, reserved 520192K
  class space    used 14629K, committed 15104K, reserved 421888K
}
Event: 17.047 GC heap before
{Heap before GC invocations=48 (full 0):
 garbage-first heap   total 282624K, used 225322K [0x0000000080000000, 0x0000000100000000)
  region size 1024K, 75 young (76800K), 7 survivors (7168K)
 Metaspace       used 106548K, committed 107584K, reserved 520192K
  class space    used 14652K, committed 15104K, reserved 421888K
}
Event: 17.053 GC heap after
{Heap after GC invocations=49 (full 0):
 garbage-first heap   total 282624K, used 167600K [0x0000000080000000, 0x0000000100000000)
  region size 1024K, 10 young (10240K), 10 survivors (10240K)
 Metaspace       used 106548K, committed 107584K, reserved 520192K
  class space    used 14652K, committed 15104K, reserved 421888K
}
Event: 17.552 GC heap before
{Heap before GC invocations=49 (full 0):
 garbage-first heap   total 282624K, used 232111K [0x0000000080000000, 0x0000000100000000)
  region size 1024K, 69 young (70656K), 10 survivors (10240K)
 Metaspace       used 110078K, committed 111232K, reserved 520192K
  class space    used 15110K, committed 15680K, reserved 421888K
}
Event: 17.560 GC heap after
{Heap after GC invocations=50 (full 0):
 garbage-first heap   total 282624K, used 181275K [0x0000000080000000, 0x0000000100000000)
  region size 1024K, 9 young (9216K), 9 survivors (9216K)
 Metaspace       used 110078K, committed 111232K, reserved 520192K
  class space    used 15110K, committed 15680K, reserved 421888K
}
Event: 500.957 GC heap before
{Heap before GC invocations=50 (full 0):
 garbage-first heap   total 282624K, used 230427K [0x0000000080000000, 0x0000000100000000)
  region size 1024K, 58 young (59392K), 9 survivors (9216K)
 Metaspace       used 114881K, committed 115968K, reserved 528384K
  class space    used 15706K, committed 16192K, reserved 421888K
}
Event: 500.965 GC heap after
{Heap after GC invocations=51 (full 0):
 garbage-first heap   total 282624K, used 187773K [0x0000000080000000, 0x0000000100000000)
  region size 1024K, 7 young (7168K), 7 survivors (7168K)
 Metaspace       used 114881K, committed 115968K, reserved 528384K
  class space    used 15706K, committed 16192K, reserved 421888K
}
Event: 501.311 GC heap before
{Heap before GC invocations=51 (full 0):
 garbage-first heap   total 282624K, used 232829K [0x0000000080000000, 0x0000000100000000)
  region size 1024K, 51 young (52224K), 7 survivors (7168K)
 Metaspace       used 117110K, committed 118336K, reserved 528384K
  class space    used 15997K, committed 16576K, reserved 421888K
}
Event: 501.317 GC heap after
{Heap after GC invocations=52 (full 0):
 garbage-first heap   total 282624K, used 195929K [0x0000000080000000, 0x0000000100000000)
  region size 1024K, 7 young (7168K), 7 survivors (7168K)
 Metaspace       used 117110K, committed 118336K, reserved 528384K
  class space    used 15997K, committed 16576K, reserved 421888K
}
Event: 501.672 GC heap before
{Heap before GC invocations=52 (full 0):
 garbage-first heap   total 282624K, used 234841K [0x0000000080000000, 0x0000000100000000)
  region size 1024K, 45 young (46080K), 7 survivors (7168K)
 Metaspace       used 121429K, committed 122560K, reserved 528384K
  class space    used 16621K, committed 17152K, reserved 421888K
}
Event: 501.679 GC heap after
{Heap after GC invocations=53 (full 0):
 garbage-first heap   total 282624K, used 201989K [0x0000000080000000, 0x0000000100000000)
  region size 1024K, 6 young (6144K), 6 survivors (6144K)
 Metaspace       used 121429K, committed 122560K, reserved 528384K
  class space    used 16621K, committed 17152K, reserved 421888K
}
Event: 501.984 GC heap before
{Heap before GC invocations=53 (full 0):
 garbage-first heap   total 282624K, used 236805K [0x0000000080000000, 0x0000000100000000)
  region size 1024K, 40 young (40960K), 6 survivors (6144K)
 Metaspace       used 121993K, committed 123072K, reserved 528384K
  class space    used 16670K, committed 17152K, reserved 421888K
}
Event: 501.990 GC heap after
{Heap after GC invocations=54 (full 0):
 garbage-first heap   total 282624K, used 208444K [0x0000000080000000, 0x0000000100000000)
  region size 1024K, 5 young (5120K), 5 survivors (5120K)
 Metaspace       used 121993K, committed 123072K, reserved 528384K
  class space    used 16670K, committed 17152K, reserved 421888K
}
Event: 502.146 GC heap before
{Heap before GC invocations=54 (full 0):
 garbage-first heap   total 282624K, used 238140K [0x0000000080000000, 0x0000000100000000)
  region size 1024K, 34 young (34816K), 5 survivors (5120K)
 Metaspace       used 122116K, committed 123264K, reserved 528384K
  class space    used 16675K, committed 17216K, reserved 421888K
}

