# JRE version: Java(TM) SE Runtime Environment (17.0.8+9) (build 17.0.8+9-LTS-211)
# Java VM: Java HotSpot(TM) 64-Bit Server VM (17.0.8+9-LTS-211, mixed mode, sharing, tiered, compressed oops, compressed class ptrs, g1 gc, windows-amd64)
GC Precious Log:
 CPUs: 16 total, 16 available
 Memory: 15763M
 Large Page Support: Disabled
 NUMA Support: Disabled
 Compressed Oops: Enabled (32-bit)
 Heap Region Size: 1M
 Heap Min Capacity: 8M
 Heap Initial Capacity: 248M
 Heap Max Capacity: 2G
 Pre-touch: Disabled
 Parallel Workers: 13
 Concurrent Workers: 3
 Concurrent Refinement Workers: 13
 Periodic GC: Disabled
Heap:
 garbage-first heap   total 285696K, used 244270K [0x0000000080000000, 0x0000000100000000)
  region size 1024K, 13 young (13312K), 3 survivors (3072K)
 Metaspace       used 103857K, committed 105280K, reserved 557056K
  class space    used 14274K, committed 14976K, reserved 425984K
GC Heap History (20 events):
Event: 29.048 GC heap before
{Heap before GC invocations=58 (full 0):
 garbage-first heap   total 285696K, used 236141K [0x0000000080000000, 0x0000000100000000)
  region size 1024K, 59 young (60416K), 2 survivors (2048K)
 Metaspace       used 97349K, committed 98496K, reserved 557056K
  class space    used 13429K, committed 13952K, reserved 425984K
}
Event: 29.053 GC heap after
{Heap after GC invocations=59 (full 0):
 garbage-first heap   total 285696K, used 188546K [0x0000000080000000, 0x0000000100000000)
  region size 1024K, 8 young (8192K), 8 survivors (8192K)
 Metaspace       used 97349K, committed 98496K, reserved 557056K
  class space    used 13429K, committed 13952K, reserved 425984K
}
Event: 29.369 GC heap before
{Heap before GC invocations=59 (full 0):
 garbage-first heap   total 285696K, used 234626K [0x0000000080000000, 0x0000000100000000)
  region size 1024K, 54 young (55296K), 8 survivors (8192K)
 Metaspace       used 98888K, committed 99968K, reserved 557056K
  class space    used 13657K, committed 14144K, reserved 425984K
}
Event: 29.374 GC heap after
{Heap after GC invocations=60 (full 0):
 garbage-first heap   total 285696K, used 194465K [0x0000000080000000, 0x0000000100000000)
  region size 1024K, 7 young (7168K), 7 survivors (7168K)
 Metaspace       used 98888K, committed 99968K, reserved 557056K
  class space    used 13657K, committed 14144K, reserved 425984K
}
Event: 29.676 GC heap before
{Heap before GC invocations=60 (full 0):
 garbage-first heap   total 285696K, used 236449K [0x0000000080000000, 0x0000000100000000)
  region size 1024K, 49 young (50176K), 7 survivors (7168K)
 Metaspace       used 100121K, committed 101248K, reserved 557056K
  class space    used 13807K, committed 14336K, reserved 425984K
}
Event: 29.682 GC heap after
{Heap after GC invocations=61 (full 0):
 garbage-first heap   total 285696K, used 205066K [0x0000000080000000, 0x0000000100000000)
  region size 1024K, 7 young (7168K), 7 survivors (7168K)
 Metaspace       used 100121K, committed 101248K, reserved 557056K
  class space    used 13807K, committed 14336K, reserved 425984K
}
Event: 29.936 GC heap before
{Heap before GC invocations=61 (full 0):
 garbage-first heap   total 285696K, used 236810K [0x0000000080000000, 0x0000000100000000)
  region size 1024K, 39 young (39936K), 7 survivors (7168K)
 Metaspace       used 101721K, committed 102912K, reserved 557056K
  class space    used 13994K, committed 14528K, reserved 425984K
}
Event: 29.942 GC heap after
{Heap after GC invocations=62 (full 0):
 garbage-first heap   total 285696K, used 212992K [0x0000000080000000, 0x0000000100000000)
  region size 1024K, 5 young (5120K), 5 survivors (5120K)
 Metaspace       used 101721K, committed 102912K, reserved 557056K
  class space    used 13994K, committed 14528K, reserved 425984K
}
Event: 34.517 GC heap before
{Heap before GC invocations=62 (full 0):
 garbage-first heap   total 285696K, used 240640K [0x0000000080000000, 0x0000000100000000)
  region size 1024K, 32 young (32768K), 5 survivors (5120K)
 Metaspace       used 102968K, committed 104256K, reserved 557056K
  class space    used 14169K, committed 14784K, reserved 425984K
}
Event: 34.521 GC heap after
{Heap after GC invocations=63 (full 0):
 garbage-first heap   total 285696K, used 217144K [0x0000000080000000, 0x0000000100000000)
  region size 1024K, 4 young (4096K), 4 survivors (4096K)
 Metaspace       used 102968K, committed 104256K, reserved 557056K
  class space    used 14169K, committed 14784K, reserved 425984K
}
Event: 34.788 GC heap before
{Heap before GC invocations=63 (full 0):
 garbage-first heap   total 285696K, used 241720K [0x0000000080000000, 0x0000000100000000)
  region size 1024K, 29 young (29696K), 4 survivors (4096K)
 Metaspace       used 103184K, committed 104448K, reserved 557056K
  class space    used 14174K, committed 14784K, reserved 425984K
}
Event: 34.791 GC heap after
{Heap after GC invocations=64 (full 0):
 garbage-first heap   total 285696K, used 221259K [0x0000000080000000, 0x0000000100000000)
  region size 1024K, 4 young (4096K), 4 survivors (4096K)
 Metaspace       used 103184K, committed 104448K, reserved 557056K
  class space    used 14174K, committed 14784K, reserved 425984K
}
Event: 38.260 GC heap before
{Heap before GC invocations=64 (full 0):
 garbage-first heap   total 285696K, used 243787K [0x0000000080000000, 0x0000000100000000)
  region size 1024K, 27 young (27648K), 4 survivors (4096K)
 Metaspace       used 103503K, committed 104896K, reserved 557056K
  class space    used 14232K, committed 14912K, reserved 425984K
}
Event: 38.263 GC heap after
{Heap after GC invocations=65 (full 0):
 garbage-first heap   total 285696K, used 223897K [0x0000000080000000, 0x0000000100000000)
  region size 1024K, 4 young (4096K), 4 survivors (4096K)
 Metaspace       used 103503K, committed 104896K, reserved 557056K
  class space    used 14232K, committed 14912K, reserved 425984K
}
Event: 38.389 GC heap before
{Heap before GC invocations=65 (full 0):
 garbage-first heap   total 285696K, used 244377K [0x0000000080000000, 0x0000000100000000)
  region size 1024K, 25 young (25600K), 4 survivors (4096K)
 Metaspace       used 103662K, committed 105152K, reserved 557056K
  class space    used 14251K, committed 14976K, reserved 425984K
}
Event: 38.393 GC heap after
{Heap after GC invocations=66 (full 0):
 garbage-first heap   total 285696K, used 228922K [0x0000000080000000, 0x0000000100000000)
  region size 1024K, 4 young (4096K), 4 survivors (4096K)
 Metaspace       used 103662K, committed 105152K, reserved 557056K
  class space    used 14251K, committed 14976K, reserved 425984K
}
Event: 38.484 GC heap before
{Heap before GC invocations=66 (full 0):
 garbage-first heap   total 285696K, used 245306K [0x0000000080000000, 0x0000000100000000)
  region size 1024K, 21 young (21504K), 4 survivors (4096K)
 Metaspace       used 103674K, committed 105152K, reserved 557056K
  class space    used 14251K, committed 14976K, reserved 425984K
}
Event: 38.488 GC heap after
{Heap after GC invocations=67 (full 0):
 garbage-first heap   total 285696K, used 232448K [0x0000000080000000, 0x0000000100000000)
  region size 1024K, 3 young (3072K), 3 survivors (3072K)
 Metaspace       used 103674K, committed 105152K, reserved 557056K
  class space    used 14251K, committed 14976K, reserved 425984K
}
Event: 38.563 GC heap before
{Heap before GC invocations=67 (full 0):
 garbage-first heap   total 285696K, used 246784K [0x0000000080000000, 0x0000000100000000)
  region size 1024K, 18 young (18432K), 3 survivors (3072K)
 Metaspace       used 103841K, committed 105280K, reserved 557056K
  class space    used 14274K, committed 14976K, reserved 425984K
}
Event: 38.566 GC heap after
{Heap after GC invocations=68 (full 0):
 garbage-first heap   total 285696K, used 235054K [0x0000000080000000, 0x0000000100000000)
  region size 1024K, 3 young (3072K), 3 survivors (3072K)
 Metaspace       used 103841K, committed 105280K, reserved 557056K
  class space    used 14274K, committed 14976K, reserved 425984K
}

