# JRE version: OpenJDK Runtime Environment (17.0.6) (build 17.0.6+0-b2043.56-10027231)
# Java VM: OpenJDK 64-Bit Server VM (17.0.6+0-b2043.56-10027231, mixed mode, tiered, compressed oops, compressed class ptrs, g1 gc, windows-amd64)
GC Precious Log:
 CPUs: 16 total, 16 available
 Memory: 15763M
 Large Page Support: Disabled
 NUMA Support: Disabled
 Compressed Oops: Enabled (32-bit)
 Heap Region Size: 1M
 Heap Min Capacity: 8M
 Heap Initial Capacity: 248M
 Heap Max Capacity: 2G
 Pre-touch: Disabled
 Parallel Workers: 13
 Concurrent Workers: 3
 Concurrent Refinement Workers: 13
 Periodic GC: Disabled
Heap:
 garbage-first heap   total 140288K, used 80527K [0x0000000080000000, 0x0000000100000000)
  region size 1024K, 2 young (2048K), 2 survivors (2048K)
 Metaspace       used 85506K, committed 86144K, reserved 503808K
  class space    used 11479K, committed 11776K, reserved 421888K
GC Heap History (20 events):
Event: 8.398 GC heap after
{Heap after GC invocations=25 (full 0):
 garbage-first heap   total 92160K, used 54429K [0x0000000080000000, 0x0000000100000000)
  region size 1024K, 3 young (3072K), 3 survivors (3072K)
 Metaspace       used 68652K, committed 69312K, reserved 487424K
  class space    used 9315K, committed 9600K, reserved 421888K
}
Event: 8.726 GC heap before
{Heap before GC invocations=26 (full 0):
 garbage-first heap   total 97280K, used 75933K [0x0000000080000000, 0x0000000100000000)
  region size 1024K, 24 young (24576K), 3 survivors (3072K)
 Metaspace       used 70121K, committed 70720K, reserved 487424K
  class space    used 9568K, committed 9856K, reserved 421888K
}
Event: 8.729 GC heap after
{Heap after GC invocations=27 (full 0):
 garbage-first heap   total 97280K, used 56007K [0x0000000080000000, 0x0000000100000000)
  region size 1024K, 3 young (3072K), 3 survivors (3072K)
 Metaspace       used 70121K, committed 70720K, reserved 487424K
  class space    used 9568K, committed 9856K, reserved 421888K
}
Event: 9.085 GC heap before
{Heap before GC invocations=27 (full 0):
 garbage-first heap   total 97280K, used 79559K [0x0000000080000000, 0x0000000100000000)
  region size 1024K, 26 young (26624K), 3 survivors (3072K)
 Metaspace       used 71307K, committed 71936K, reserved 487424K
  class space    used 9706K, committed 9984K, reserved 421888K
}
Event: 9.088 GC heap after
{Heap after GC invocations=28 (full 0):
 garbage-first heap   total 97280K, used 58991K [0x0000000080000000, 0x0000000100000000)
  region size 1024K, 4 young (4096K), 4 survivors (4096K)
 Metaspace       used 71307K, committed 71936K, reserved 487424K
  class space    used 9706K, committed 9984K, reserved 421888K
}
Event: 9.257 GC heap before
{Heap before GC invocations=29 (full 0):
 garbage-first heap   total 109568K, used 79471K [0x0000000080000000, 0x0000000100000000)
  region size 1024K, 24 young (24576K), 4 survivors (4096K)
 Metaspace       used 72088K, committed 72704K, reserved 487424K
  class space    used 9846K, committed 10112K, reserved 421888K
}
Event: 9.260 GC heap after
{Heap after GC invocations=30 (full 0):
 garbage-first heap   total 109568K, used 62140K [0x0000000080000000, 0x0000000100000000)
  region size 1024K, 3 young (3072K), 3 survivors (3072K)
 Metaspace       used 72088K, committed 72704K, reserved 487424K
  class space    used 9846K, committed 10112K, reserved 421888K
}
Event: 9.547 GC heap before
{Heap before GC invocations=30 (full 0):
 garbage-first heap   total 109568K, used 86716K [0x0000000080000000, 0x0000000100000000)
  region size 1024K, 28 young (28672K), 3 survivors (3072K)
 Metaspace       used 74548K, committed 75200K, reserved 487424K
  class space    used 10156K, committed 10432K, reserved 421888K
}
Event: 9.549 GC heap after
{Heap after GC invocations=31 (full 0):
 garbage-first heap   total 109568K, used 65585K [0x0000000080000000, 0x0000000100000000)
  region size 1024K, 4 young (4096K), 4 survivors (4096K)
 Metaspace       used 74548K, committed 75200K, reserved 487424K
  class space    used 10156K, committed 10432K, reserved 421888K
}
Event: 9.863 GC heap before
{Heap before GC invocations=32 (full 0):
 garbage-first heap   total 116736K, used 89137K [0x0000000080000000, 0x0000000100000000)
  region size 1024K, 26 young (26624K), 4 survivors (4096K)
 Metaspace       used 75369K, committed 76032K, reserved 495616K
  class space    used 10255K, committed 10560K, reserved 421888K
}
Event: 9.866 GC heap after
{Heap after GC invocations=33 (full 0):
 garbage-first heap   total 140288K, used 71000K [0x0000000080000000, 0x0000000100000000)
  region size 1024K, 4 young (4096K), 4 survivors (4096K)
 Metaspace       used 75369K, committed 76032K, reserved 495616K
  class space    used 10255K, committed 10560K, reserved 421888K
}
Event: 9.894 GC heap before
{Heap before GC invocations=33 (full 0):
 garbage-first heap   total 140288K, used 73048K [0x0000000080000000, 0x0000000100000000)
  region size 1024K, 6 young (6144K), 4 survivors (4096K)
 Metaspace       used 75618K, committed 76224K, reserved 495616K
  class space    used 10299K, committed 10560K, reserved 421888K
}
Event: 9.896 GC heap after
{Heap after GC invocations=34 (full 0):
 garbage-first heap   total 140288K, used 71182K [0x0000000080000000, 0x0000000100000000)
  region size 1024K, 1 young (1024K), 1 survivors (1024K)
 Metaspace       used 75618K, committed 76224K, reserved 495616K
  class space    used 10299K, committed 10560K, reserved 421888K
}
Event: 10.390 GC heap before
{Heap before GC invocations=34 (full 0):
 garbage-first heap   total 140288K, used 109070K [0x0000000080000000, 0x0000000100000000)
  region size 1024K, 38 young (38912K), 1 survivors (1024K)
 Metaspace       used 80764K, committed 81472K, reserved 495616K
  class space    used 10907K, committed 11264K, reserved 421888K
}
Event: 10.393 GC heap after
{Heap after GC invocations=35 (full 0):
 garbage-first heap   total 140288K, used 73877K [0x0000000080000000, 0x0000000100000000)
  region size 1024K, 4 young (4096K), 4 survivors (4096K)
 Metaspace       used 80764K, committed 81472K, reserved 495616K
  class space    used 10907K, committed 11264K, reserved 421888K
}
Event: 10.719 GC heap before
{Heap before GC invocations=36 (full 0):
 garbage-first heap   total 140288K, used 117909K [0x0000000080000000, 0x0000000100000000)
  region size 1024K, 40 young (40960K), 4 survivors (4096K)
 Metaspace       used 83877K, committed 84608K, reserved 495616K
  class space    used 11305K, committed 11648K, reserved 421888K
}
Event: 10.722 GC heap after
{Heap after GC invocations=37 (full 0):
 garbage-first heap   total 140288K, used 79565K [0x0000000080000000, 0x0000000100000000)
  region size 1024K, 5 young (5120K), 5 survivors (5120K)
 Metaspace       used 83877K, committed 84608K, reserved 495616K
  class space    used 11305K, committed 11648K, reserved 421888K
}
Event: 10.732 GC heap before
{Heap before GC invocations=37 (full 0):
 garbage-first heap   total 140288K, used 80589K [0x0000000080000000, 0x0000000100000000)
  region size 1024K, 6 young (6144K), 5 survivors (5120K)
 Metaspace       used 83952K, committed 84672K, reserved 495616K
  class space    used 11314K, committed 11648K, reserved 421888K
}
Event: 10.735 GC heap after
{Heap after GC invocations=38 (full 0):
 garbage-first heap   total 140288K, used 79603K [0x0000000080000000, 0x0000000100000000)
  region size 1024K, 1 young (1024K), 1 survivors (1024K)
 Metaspace       used 83952K, committed 84672K, reserved 495616K
  class space    used 11314K, committed 11648K, reserved 421888K
}
Event: 10.895 GC heap before
{Heap before GC invocations=38 (full 0):
 garbage-first heap   total 140288K, used 95987K [0x0000000080000000, 0x0000000100000000)
  region size 1024K, 18 young (18432K), 1 survivors (1024K)
 Metaspace       used 85506K, committed 86144K, reserved 503808K
  class space    used 11479K, committed 11776K, reserved 421888K
}

